-399490
7
-101416
3
116696
-399490
12
-286192
-124358
-399490
3
22
-101416
-259520
25
385934
115347
-280161
115347
-381126
35
26
-470469
-104141
325232
6
407413
-257098
29
196756
305594
325232
-419871
-281444
388301
52
-419871
-212657
115347
2
196756
79769
36
305594
-314198
-104141
-257098
-465439
48
62
-97626
-25266
-4379
-399490
39
31831
197267
207168
-465439
26
-336204
-375392
-319708
29
-470469
-403534
197267
-52940
306589
-219910
-281444
-226475
-25822
395925
315104
77
-423673
-442341
-287548
-404226
9108
86
476687
72
118
325232
66
-213887
30
360558
-488296
-428012
360198
-193375
-495350
299268
431211
-302406
132
9108
-498340
31831
-489995
-131490
295268
317461
-380468
96
30
295268
50
306154
486353
302692
27
238220
299268
79
460827
-157624
320795
402390
-375392
-423091
281995
-389929
-323810
421797
408565
238220
142845
-287609
188
299095
-411363
-4379
60
318719
112
-167605
45
187134
-397986
229
28
303707
-286251
479372
295268
32631
46
118
-52940
-435658
269789
139310
5001
436237
145
-6196
410087
174
404070
197267
220
285320
-183782
-224975
21
-193520
81
-15986
356486
-292620
-82467
314947
78
-297940
107
82
100
97
-169256
174
-47778
45
484515
360558
-306110
223694
-387756
47312
301200
-306110
-212085
35
18
292602
271320
483232
479372
-4131
-297940
-403534
20222
30593
149
-248801
110
-134297
-32014
473391
-487311
-389960
-285004
-385601
477587
385934
-292620
-230133
102194
486353
404070
473391
404070
-304610
240
318
35
-70078
292602
-403534
483457
91
-4131
-370158
197
-218631
-332769
218
143
115
284
145
22
-423091
-32014
367
-423091
483232
-88573
411525
-387756
210
469439
-339171
-164030
114121
85
72
81482
458240
-140370
94910
-189028
356
282107
-498939
-202549
-428093
120
-1148
159
360558
396
114487
-193375
364749
281995
276
167771
-256782
-323974
-291778
-1968
378
-292620
-374046
123
-197487
100627
285320
-409694
229
305633
-498939
-423091
-156500
310
351751
424
-389960
299095
-397741
-318363
290120
150
225109
194665
441
-16883
271
94910
229971
376730
253
-187896
302
-390091
9108
381
124
283074
381
138057
-542
246
51022
133779
387
-428845
216
279646
-313979
473
326489
197267
308
193575
-22446
138057
-32014
-197843
-47778
372
455
196455
124
328082
458240
-225099
476687
260812
-492800
270602
-431021
-397741
115697
-179030
-199395
51022
170
-431021
-250643
229382
-82467
-285004
22310
283
303429
517
-488070
-486771
229382
-182031
219
-542
473391
493122
115697
177
518
-261640
470445
-22686
493122
41873
144753
95
-488296
-232536
57
-393332
206068
476
6162
5001
-302406
-241502
150
-436623
-280979
-352613
379378
147
-360854
203
-52581
-152272
201
191
379398
371
-91985
-376104
473537
293616
536
-91985
-412819
472
412502
-181474
6162
-74737
-250643
148
-12540
202523
105
-409044
376730
-6095
292602
274758
301200
478704
390
88153
320795
419
-440179
196
-225776
390555
144753
-376692
300190
170101
198825
352
90
-371418
279
305
160
-378830
261
403678
-52581
292743
155198
136526
384300
-323974
-403327
329527
-22686
176
190343
69480
106506
-25714
256152
310275
-421197
-98160
405
-40978
188
-192966
-315234
411052
238220
170641
434
101247
-164819
58
272
299268
216900
-413607
195992
167771
-22446
358
-313979
480844
213
-274724
-15925
325
-197843
377631
69480
4
-252515
-416253
380953
214524
440208
158042
488622
-197487
407413
83915
-132298
-211285
-171972
483
-281389
583
-498340
-196539
191091
721
15459
411525
-376889
56
78
365519
190679
160231
469439
133779
308362
-25714
239
320795
-463333
303707
468320
102345
-88706
-219910
178488
106506
361
47312
288655
493
185715
412764
255040
103010
-405103
-193375
401173
-194984
9625
379378
622
-389960
492445
190679
-420922
-292620
364749
281995
603
687
413825
-39987
445
658
301
473537
166
-487009
379185
-387793
104
65383
178488
344
290120
-203877
-302431
212
-287609
-414896
472
564
212804
872
-412015
-425693
97427
720
-396057
405530
-484759
836
-411363
190343
120
125712
-339171
617
469944
402403
297301
367354
317461
-163596
480554
442
103010
34
284
-203877
-435053
-30714
93914
-213754
-211285
-817
-301221
-199678
-96787
-248801
482020
379378
535
702
-377799
-297265
-499555
102741
-395394
831
-160674
-366622
172794
-104160
-283246
-197843
-427952
268025
738
400441
308
-427952
-388683
-175845
318679
380808
473391
-96688
429796
189003
-393332
-479126
92426
-300232
430852
494776
-307684
240
390568
292004
-1968
-197338
353
278
108371
494
303350
206944
289612
411600
299984
143045
-385429
480844
-36390
-160674
52960
776
-326905
268216
93914
-263065
-13127
-442341
677
-169256
-326199
-458401
949
-248801
351
312240
494776
469944
-7774
198
-107259
429796
229971
-312105
-278891
394595
205
-230416
-215784
89677
410403
175
563
-178484
-168888
285320
-278453
-241905
-376889
682
133545
181734
-304585
195992
230259
-299177
224058
709
161049
-499555
948
-107259
-458401
17242
-300232
390568
379398
-206635
198317
-91242
-263065
-388592
337552
187134
95
177
-211285
-292307
-199133
-88573
198825
852
248875
768
389359
386743
41873
176424
-318363
-26597
331731
297978
248875
-6095
-210260
30
87559
473537
406418
172
255040
-315234
35260
-403534
389
388731
389638
-4131
-281039
99700
-443872
303429
-355452
-315234
-194288
-126866
-22013
273
-102868
360589
-77724
1097
-82293
322
339
-401827
447
494601
-106162
-102914
-425205
102741
-120989
206
-212212
162010
-218217
845
64882
-412819
113552
-188619
145149
2804
-15925
-70078
-211
7385
-25714
193575
-295689
-490438
-283246
20723
242
-77724
83020
305594
140
8713
-276971
292161
148
-32020
106360
-358576
-222817
224
-9014
421797
702
17385
206068
436537
436537
848
-110722
364560
-79017
-211285
849
946
-169584
-179030
101247
-96688
-431021
-318150
-32462
-1968
488622
412526
292004
-413789
-44744
517
300797
846
-435587
-405103
253
-226762
-22521
416305
-43512
-481306
-419910
681
-72051
174965
-120725
269789
373649
-196827
-23351
152
-38771
490088
-210179
-320763
-179652
85293
1236
74398
852
-319021
163242
-421917
378010
-180395
-408740
461537
105
468
114487
-484355
-89077
-421045
237801
-201443
182836
1278
233535
-24899
-379972
385944
206944
89677
-107591
102165
-306110
-307478
1205
2165
42
93409
-26346
-215784
313198
118
-62822
-50833
395796
74398
993
1313
151747
-194984
948
196455
93899
1213
95505
-278396
277261
-17395
81811
222708
182013
-39987
-487426
68804
100
95505
430852
-475822
-102033
99700
445
451
1196
812
2153
2066
-418258
437
-400912
1169
-155571
-151445
-116291
101713
174375
281390
29461
-8860
-38589
-151936
-393328
-107259
93899
281390
365519
-26346
206756
-10342
-421045
-232003
224058
-484355
800
323799
711
96920
-43606
404795
-478125
843
399506
-13582
-88706
92426
-17049
410403
-114263
-307232
412502
90820
292954
-13127
-396722
-89545
1338
1285
296
-434289
633
90
-30714
-120725
1330
-484760
-48646
281390
385062
-331837
-224975
-104796
-412015
62352
-38589
-408361
-226175
103793
427821
286830
-343083
-177877
-110722
-211285
41873
261620
794
1460
405361
303707
-122687
987
1349
185
507
1231
884
309517
-339171
-395294
-218053
405530
332522
-498842
450
188383
-25432
-473447
568
-239192
489168
294225
490058
497886
-104658
-206885
206068
352
-36260
-444318
651
99700
349456
-116051
-304585
242918
-72177
97216
300
1296
1323
459154
408847
-296860
-77513
-290429
414253
987
-309606
1103
493122
962
-298078
110987
489727
-45865
492180
-39704
992
349
190713
1348
468320
90074
429796
1388
-218631
475
-218053
751
-89444
307156
